[{"stream_name":"stdout","time":6.41889665,"data":"Collecting git+https://github.com/coding-connor/kaggle-notebook-wrapper.git\r\n"}
,{"stream_name":"stdout","time":6.418936277,"data":"  Cloning https://github.com/coding-connor/kaggle-notebook-wrapper.git to /tmp/pip-req-build-00mx9e7c\r\n"}
,{"stream_name":"stdout","time":6.418941444,"data":"  Running command git clone --filter=blob:none --quiet https://github.com/coding-connor/kaggle-notebook-wrapper.git /tmp/pip-req-build-00mx9e7c\r\n"}
,{"stream_name":"stdout","time":8.002250413,"data":"  Resolved https://github.com/coding-connor/kaggle-notebook-wrapper.git to commit a56218e2429b19c3c431eada7b914164bf0e5e69\r\n"}
,{"stream_name":"stdout","time":19.142658497,"data":"  Installing build dependencies ... \u001b[?25l-\b \b\\\b \b|\b \b/\b \bdone\r\n"}
,{"stream_name":"stdout","time":19.296423113,"data":"\u001b[?25h  Getting requirements to build wheel ... \u001b[?25ldone\r\n"}
,{"stream_name":"stdout","time":19.653681875,"data":"\u001b[?25h  Preparing metadata (pyproject.toml) ... \u001b[?25ldone\r\n"}
,{"stream_name":"stdout","time":19.653714358,"data":"\u001b[?25hRequirement already satisfied: kaggle\u003c2.0.0,\u003e=1.5.12 in /opt/conda/lib/python3.10/site-packages (from kaggle-notebook-wrapper==0.1.0) (1.6.17)\r\n"}
,{"stream_name":"stdout","time":19.653721991,"data":"Requirement already satisfied: nbformat\u003c6.0.0,\u003e=5.1.3 in /opt/conda/lib/python3.10/site-packages (from kaggle-notebook-wrapper==0.1.0) (5.10.4)\r\n"}
,{"stream_name":"stdout","time":19.65372866,"data":"Requirement already satisfied: six\u003e=1.10 in /opt/conda/lib/python3.10/site-packages (from kaggle\u003c2.0.0,\u003e=1.5.12-\u003ekaggle-notebook-wrapper==0.1.0) (1.16.0)\r\n"}
,{"stream_name":"stdout","time":19.65373547,"data":"Requirement already satisfied: certifi\u003e=2023.7.22 in /opt/conda/lib/python3.10/site-packages (from kaggle\u003c2.0.0,\u003e=1.5.12-\u003ekaggle-notebook-wrapper==0.1.0) (2024.8.30)\r\n"}
,{"stream_name":"stdout","time":19.653743116,"data":"Requirement already satisfied: python-dateutil in /opt/conda/lib/python3.10/site-packages (from kaggle\u003c2.0.0,\u003e=1.5.12-\u003ekaggle-notebook-wrapper==0.1.0) (2.9.0.post0)\r\n"}
,{"stream_name":"stdout","time":19.653749107,"data":"Requirement already satisfied: requests in /opt/conda/lib/python3.10/site-packages (from kaggle\u003c2.0.0,\u003e=1.5.12-\u003ekaggle-notebook-wrapper==0.1.0) (2.32.3)\r\n"}
,{"stream_name":"stdout","time":19.653755217,"data":"Requirement already satisfied: tqdm in /opt/conda/lib/python3.10/site-packages (from kaggle\u003c2.0.0,\u003e=1.5.12-\u003ekaggle-notebook-wrapper==0.1.0) (4.66.4)\r\n"}
,{"stream_name":"stdout","time":19.653760868,"data":"Requirement already satisfied: python-slugify in /opt/conda/lib/python3.10/site-packages (from kaggle\u003c2.0.0,\u003e=1.5.12-\u003ekaggle-notebook-wrapper==0.1.0) (8.0.4)\r\n"}
,{"stream_name":"stdout","time":19.653766772,"data":"Requirement already satisfied: urllib3 in /opt/conda/lib/python3.10/site-packages (from kaggle\u003c2.0.0,\u003e=1.5.12-\u003ekaggle-notebook-wrapper==0.1.0) (1.26.18)\r\n"}
,{"stream_name":"stdout","time":19.653772914,"data":"Requirement already satisfied: bleach in /opt/conda/lib/python3.10/site-packages (from kaggle\u003c2.0.0,\u003e=1.5.12-\u003ekaggle-notebook-wrapper==0.1.0) (6.1.0)\r\n"}
,{"stream_name":"stdout","time":19.653779082,"data":"Requirement already satisfied: fastjsonschema\u003e=2.15 in /opt/conda/lib/python3.10/site-packages (from nbformat\u003c6.0.0,\u003e=5.1.3-\u003ekaggle-notebook-wrapper==0.1.0) (2.19.1)\r\n"}
,{"stream_name":"stdout","time":19.653785505,"data":"Requirement already satisfied: jsonschema\u003e=2.6 in /opt/conda/lib/python3.10/site-packages (from nbformat\u003c6.0.0,\u003e=5.1.3-\u003ekaggle-notebook-wrapper==0.1.0) (4.22.0)\r\n"}
,{"stream_name":"stdout","time":19.653810197,"data":"Requirement already satisfied: jupyter-core!=5.0.*,\u003e=4.12 in /opt/conda/lib/python3.10/site-packages (from nbformat\u003c6.0.0,\u003e=5.1.3-\u003ekaggle-notebook-wrapper==0.1.0) (5.7.2)\r\n"}
,{"stream_name":"stdout","time":19.653816743,"data":"Requirement already satisfied: traitlets\u003e=5.1 in /opt/conda/lib/python3.10/site-packages (from nbformat\u003c6.0.0,\u003e=5.1.3-\u003ekaggle-notebook-wrapper==0.1.0) (5.14.3)\r\n"}
,{"stream_name":"stdout","time":19.704595875,"data":"Requirement already satisfied: attrs\u003e=22.2.0 in /opt/conda/lib/python3.10/site-packages (from jsonschema\u003e=2.6-\u003enbformat\u003c6.0.0,\u003e=5.1.3-\u003ekaggle-notebook-wrapper==0.1.0) (23.2.0)\r\n"}
,{"stream_name":"stdout","time":19.704643642,"data":"Requirement already satisfied: jsonschema-specifications\u003e=2023.03.6 in /opt/conda/lib/python3.10/site-packages (from jsonschema\u003e=2.6-\u003enbformat\u003c6.0.0,\u003e=5.1.3-\u003ekaggle-notebook-wrapper==0.1.0) (2023.12.1)\r\n"}
,{"stream_name":"stdout","time":19.704650566,"data":"Requirement already satisfied: referencing\u003e=0.28.4 in /opt/conda/lib/python3.10/site-packages (from jsonschema\u003e=2.6-\u003enbformat\u003c6.0.0,\u003e=5.1.3-\u003ekaggle-notebook-wrapper==0.1.0) (0.35.1)\r\n"}
,{"stream_name":"stdout","time":19.704654898,"data":"Requirement already satisfied: rpds-py\u003e=0.7.1 in /opt/conda/lib/python3.10/site-packages (from jsonschema\u003e=2.6-\u003enbformat\u003c6.0.0,\u003e=5.1.3-\u003ekaggle-notebook-wrapper==0.1.0) (0.18.1)\r\n"}
,{"stream_name":"stdout","time":19.755777124,"data":"Requirement already satisfied: platformdirs\u003e=2.5 in /opt/conda/lib/python3.10/site-packages (from jupyter-core!=5.0.*,\u003e=4.12-\u003enbformat\u003c6.0.0,\u003e=5.1.3-\u003ekaggle-notebook-wrapper==0.1.0) (3.11.0)\r\n"}
,{"stream_name":"stdout","time":19.755811529,"data":"Requirement already satisfied: webencodings in /opt/conda/lib/python3.10/site-packages (from bleach-\u003ekaggle\u003c2.0.0,\u003e=1.5.12-\u003ekaggle-notebook-wrapper==0.1.0) (0.5.1)\r\n"}
,{"stream_name":"stdout","time":19.755819081,"data":"Requirement already satisfied: text-unidecode\u003e=1.3 in /opt/conda/lib/python3.10/site-packages (from python-slugify-\u003ekaggle\u003c2.0.0,\u003e=1.5.12-\u003ekaggle-notebook-wrapper==0.1.0) (1.3)\r\n"}
,{"stream_name":"stdout","time":19.755825749,"data":"Requirement already satisfied: charset-normalizer\u003c4,\u003e=2 in /opt/conda/lib/python3.10/site-packages (from requests-\u003ekaggle\u003c2.0.0,\u003e=1.5.12-\u003ekaggle-notebook-wrapper==0.1.0) (3.3.2)\r\n"}
,{"stream_name":"stdout","time":19.755832715,"data":"Requirement already satisfied: idna\u003c4,\u003e=2.5 in /opt/conda/lib/python3.10/site-packages (from requests-\u003ekaggle\u003c2.0.0,\u003e=1.5.12-\u003ekaggle-notebook-wrapper==0.1.0) (3.7)\r\n"}
,{"stream_name":"stdout","time":19.85806725,"data":"Building wheels for collected packages: kaggle-notebook-wrapper\r\n"}
,{"stream_name":"stdout","time":20.216174257,"data":"  Building wheel for kaggle-notebook-wrapper (pyproject.toml) ... \u001b[?25ldone\r\n"}
,{"stream_name":"stdout","time":20.216203334,"data":"\u001b[?25h  Created wheel for kaggle-notebook-wrapper: filename=kaggle_notebook_wrapper-0.1.0-py3-none-any.whl size=5636 sha256=9d7a21ace2fa5c69f1adbb1e5f7fe423eb68a7467991a9891abad247b468b098\r\n"}
,{"stream_name":"stdout","time":20.216221038,"data":"  Stored in directory: /tmp/pip-ephem-wheel-cache-691rwy_m/wheels/6b/82/dc/feb99cd82255f61b3a1e0b8cc111f1510d1a853d770a3fde66\r\n"}
,{"stream_name":"stdout","time":20.216227237,"data":"Successfully built kaggle-notebook-wrapper\r\n"}
,{"stream_name":"stdout","time":28.839566653,"data":"Installing collected packages: kaggle-notebook-wrapper\r\n"}
,{"stream_name":"stdout","time":29.04343866,"data":"Successfully installed kaggle-notebook-wrapper-0.1.0\r\n"}
,{"stream_name":"stdout","time":29.513770333,"data":"Note: you may need to restart the kernel to use updated packages.\n"}
,{"stream_name":"stderr","time":29.714767296,"data":"2024-10-08 02:56:41,568 [cell_id: 1] This is a test log message.\n"}
,{"stream_name":"stderr","time":29.730434297,"data":"2024-10-08 02:56:41,583 [cell_id: 2] This is another test log message.\n"}
,{"stream_name":"stderr","time":29.744406265,"data":"2024-10-08 02:56:41,598 [cell_id: 3] This is a third test log message.\n"}
,{"stream_name":"stderr","time":31.949264165,"data":"[NbConvertApp] Converting notebook __notebook__.ipynb to notebook\n"}
,{"stream_name":"stderr","time":32.387814761,"data":"[NbConvertApp] Writing 9952 bytes to __notebook__.ipynb\n"}
,{"stream_name":"stderr","time":33.968979905,"data":"[NbConvertApp] Converting notebook __notebook__.ipynb to html\n"}
,{"stream_name":"stderr","time":34.894201074,"data":"[NbConvertApp] Writing 280983 bytes to __results__.html\n"}
]